TN:
SF:/home/tiste/Repo/t1st3/dev/atob-umd/master/src/atob-umd.js
FN:15,(anonymous_1)
FN:26,(anonymous_2)
FN:38,(anonymous_3)
FN:64,(anonymous_4)
FN:93,(anonymous_5)
FNF:5
FNH:5
FNDA:3,(anonymous_1)
FNDA:3,(anonymous_2)
FNDA:20,(anonymous_3)
FNDA:14,(anonymous_4)
FNDA:12,(anonymous_5)
DA:15,3
DA:16,3
DA:18,1
DA:19,2
DA:21,1
DA:24,1
DA:38,3
DA:39,20
DA:40,20
DA:41,20
DA:42,7
DA:43,13
DA:44,6
DA:46,7
DA:49,20
DA:50,3
DA:51,3
DA:54,17
DA:64,3
DA:66,14
DA:68,3
DA:70,11
DA:72,11
DA:74,8
DA:75,8
DA:77,0
DA:80,3
DA:83,11
DA:93,3
DA:94,12
DA:95,6
DA:97,6
DA:104,6
DA:105,9
DA:107,6
DA:108,18
DA:109,18
DA:110,18
DA:111,18
DA:112,18
DA:113,18
DA:114,18
DA:115,18
DA:116,18
DA:117,15
DA:119,18
DA:120,12
DA:123,6
DA:126,3
LF:49
LH:48
BRDA:16,1,0,1
BRDA:16,1,1,2
BRDA:16,2,0,3
BRDA:16,2,1,1
BRDA:19,3,0,1
BRDA:19,3,1,1
BRDA:41,4,0,7
BRDA:41,4,1,13
BRDA:41,5,0,20
BRDA:41,5,1,7
BRDA:43,6,0,6
BRDA:43,6,1,7
BRDA:49,7,0,3
BRDA:49,7,1,17
BRDA:66,8,0,3
BRDA:66,8,1,11
BRDA:72,9,0,8
BRDA:72,9,1,3
BRDA:74,10,0,8
BRDA:74,10,1,0
BRDA:94,11,0,6
BRDA:94,11,1,6
BRDA:94,12,0,12
BRDA:94,12,1,6
BRDA:116,13,0,15
BRDA:116,13,1,3
BRDA:119,14,0,12
BRDA:119,14,1,6
BRF:28
BRH:27
end_of_record
