TN:
SF:/home/t1st3/Repo/dev/atob-umd/master/src/atob-umd.js
FN:15,(anonymous_1)
FN:29,(anonymous_2)
FN:41,(anonymous_3)
FN:60,(anonymous_4)
FN:96,(anonymous_5)
FNF:5
FNH:5
FNDA:1,(anonymous_1)
FNDA:1,(anonymous_2)
FNDA:5,(anonymous_3)
FNDA:4,(anonymous_4)
FNDA:3,(anonymous_5)
DA:15,1
DA:17,1
DA:19,0
DA:21,1
DA:23,1
DA:27,0
DA:41,1
DA:42,5
DA:43,5
DA:45,5
DA:46,1
DA:47,1
DA:50,4
DA:60,1
DA:62,4
DA:64,1
DA:66,3
DA:68,3
DA:69,3
DA:70,0
DA:71,3
DA:72,3
DA:75,3
DA:77,0
DA:78,0
DA:80,0
DA:83,3
DA:86,3
DA:96,1
DA:97,3
DA:98,2
DA:100,1
DA:107,1
DA:108,0
DA:110,1
DA:111,4
DA:112,4
DA:113,4
DA:114,4
DA:115,4
DA:116,4
DA:117,4
DA:118,4
DA:119,4
DA:120,4
DA:122,4
DA:123,3
DA:126,1
DA:129,1
LF:49
LH:42
BRDA:17,1,0,0
BRDA:17,1,1,1
BRDA:17,2,0,1
BRDA:17,2,1,0
BRDA:21,3,0,1
BRDA:21,3,1,0
BRDA:45,4,0,1
BRDA:45,4,1,4
BRDA:62,5,0,1
BRDA:62,5,1,3
BRDA:69,6,0,0
BRDA:69,6,1,3
BRDA:69,7,0,3
BRDA:69,7,1,0
BRDA:71,8,0,3
BRDA:71,8,1,0
BRDA:75,9,0,0
BRDA:75,9,1,3
BRDA:77,10,0,0
BRDA:77,10,1,0
BRDA:97,11,0,2
BRDA:97,11,1,1
BRDA:97,12,0,3
BRDA:97,12,1,1
BRDA:119,13,0,4
BRDA:119,13,1,0
BRDA:122,14,0,3
BRDA:122,14,1,1
BRF:28
BRH:18
end_of_record
